c:\users\mixog\desktop\3dgame\visualopengl\bin\intermediates\x64\debug\vc142.pdb
c:\users\mixog\desktop\3dgame\visualopengl\bin\intermediates\x64\debug\vc142.idb
c:\users\mixog\desktop\3dgame\visualopengl\bin\intermediates\x64\debug\utimporter.obj
c:\users\mixog\desktop\3dgame\visualopengl\bin\intermediates\x64\debug\mesh.obj
c:\users\mixog\desktop\3dgame\visualopengl\bin\intermediates\x64\debug\texture.obj
c:\users\mixog\desktop\3dgame\visualopengl\bin\intermediates\x64\debug\shader.obj
c:\users\mixog\desktop\3dgame\visualopengl\bin\intermediates\x64\debug\imgui_widgets.obj
c:\users\mixog\desktop\3dgame\visualopengl\bin\intermediates\x64\debug\imgui_tables.obj
c:\users\mixog\desktop\3dgame\visualopengl\bin\intermediates\x64\debug\imgui_impl_opengl3.obj
c:\users\mixog\desktop\3dgame\visualopengl\bin\intermediates\x64\debug\imgui_impl_glfw.obj
c:\users\mixog\desktop\3dgame\visualopengl\bin\intermediates\x64\debug\imgui_draw.obj
c:\users\mixog\desktop\3dgame\visualopengl\bin\intermediates\x64\debug\imgui_demo.obj
c:\users\mixog\desktop\3dgame\visualopengl\bin\intermediates\x64\debug\imgui.obj
c:\users\mixog\desktop\3dgame\visualopengl\bin\intermediates\x64\debug\game.obj
c:\users\mixog\desktop\3dgame\visualopengl\bin\intermediates\x64\debug\camera.obj
c:\users\mixog\desktop\3dgame\visualopengl\bin\intermediates\x64\debug\glm.obj
c:\users\mixog\desktop\3dgame\visualopengl\bin\intermediates\x64\debug\main.obj
c:\users\mixog\desktop\3dgame\visualopengl\bin\intermediates\x64\debug\mesh_new.obj
c:\users\mixog\desktop\3dgame\visualopengl\bin\intermediates\x64\debug\lights.obj
c:\users\mixog\desktop\3dgame\visualopengl\bin\intermediates\x64\debug\model.obj
c:\users\mixog\desktop\3dgame\visualopengl\bin\intermediates\x64\debug\particle.obj
c:\users\mixog\desktop\3dgame\visualopengl\bin\intermediates\x64\debug\particles.obj
c:\users\mixog\desktop\3dgame\visualopengl\bin\intermediates\x64\debug\profiler.obj
c:\users\mixog\desktop\3dgame\visualopengl\bin\intermediates\x64\debug\glad.obj
c:\users\mixog\desktop\3dgame\visualopengl\bin\intermediates\x64\debug\lightmanager.obj
c:\users\mixog\desktop\3dgame\visualopengl\bin\x64\debug\game.exe
c:\users\mixog\desktop\3dgame\visualopengl\bin\x64\debug\game.ilk
c:\users\mixog\desktop\3dgame\visualopengl\bin\x64\debug\game.pdb
c:\users\mixog\desktop\3dgame\visualopengl\bin\intermediates\x64\debug\game.tlog\cl.command.1.tlog
c:\users\mixog\desktop\3dgame\visualopengl\bin\intermediates\x64\debug\game.tlog\cl.read.1.tlog
c:\users\mixog\desktop\3dgame\visualopengl\bin\intermediates\x64\debug\game.tlog\cl.write.1.tlog
c:\users\mixog\desktop\3dgame\visualopengl\bin\intermediates\x64\debug\game.tlog\link.command.1.tlog
c:\users\mixog\desktop\3dgame\visualopengl\bin\intermediates\x64\debug\game.tlog\link.read.1.tlog
c:\users\mixog\desktop\3dgame\visualopengl\bin\intermediates\x64\debug\game.tlog\link.write.1.tlog
